<?xml version="1.0" encoding="UTF-8"?>
<testsuite xmlns:xsi="http://www.w3.org/2001/XMLSchema-instance" xsi:noNamespaceSchemaLocation="https://maven.apache.org/surefire/maven-surefire-plugin/xsd/surefire-test-report.xsd" name="Test_TheAnswers.Test_YesNo" time="0.006" tests="3" errors="0" skipped="0" failures="0">
  <properties>
[...]
</properties>
  <testcase name="testIsCorrectReturnFalse" classname="Test_TheAnswers.Test_YesNo" time="0"/>
  <testcase name="testAcceptReturnTrue" classname="Test_TheAnswers.Test_YesNo" time="0"/>
  <testcase name="testIsCorrectReturnTrue" classname="Test_TheAnswers.Test_YesNo" time="0"/>
</testsuite>